{
  "RSpec": {
    "coverage": {
      "/Users/chrishewitt/Turing/4mod/last_airbender_2111/app/helpers/application_helper.rb": {
        "lines": [
          1,
          1,
          null,
          1,
          null,
          null,
          null,
          null,
          null,
          null
        ]
      },
      "/Users/chrishewitt/Turing/4mod/last_airbender_2111/app/facades/character_facade.rb": {
        "lines": [
          1,
          1,
          2,
          42,
          null,
          null
        ]
      },
      "/Users/chrishewitt/Turing/4mod/last_airbender_2111/app/poros/character.rb": {
        "lines": [
          1,
          1,
          null,
          null,
          null,
          null,
          1,
          41,
          41,
          41,
          41,
          41,
          null,
          null
        ]
      },
      "/Users/chrishewitt/Turing/4mod/last_airbender_2111/app/services/avatar_service.rb": {
        "lines": [
          1,
          null,
          1,
          3,
          3,
          null,
          null
        ]
      },
      "/Users/chrishewitt/Turing/4mod/last_airbender_2111/app/controllers/welcome_controller.rb": {
        "lines": [
          1,
          1,
          null,
          null
        ]
      },
      "/Users/chrishewitt/Turing/4mod/last_airbender_2111/app/controllers/application_controller.rb": {
        "lines": [
          1,
          null
        ]
      },
      "/Users/chrishewitt/Turing/4mod/last_airbender_2111/app/controllers/search_controller.rb": {
        "lines": [
          1,
          1,
          1,
          null,
          null
        ]
      },
      "/Users/chrishewitt/Turing/4mod/last_airbender_2111/app/mailers/application_mailer.rb": {
        "lines": [
          0,
          0,
          0,
          0
        ],
        "branches": {
        }
      },
      "/Users/chrishewitt/Turing/4mod/last_airbender_2111/app/models/application_record.rb": {
        "lines": [
          0,
          0,
          0
        ],
        "branches": {
        }
      },
      "/Users/chrishewitt/Turing/4mod/last_airbender_2111/app/jobs/application_job.rb": {
        "lines": [
          0,
          0
        ],
        "branches": {
        }
      },
      "/Users/chrishewitt/Turing/4mod/last_airbender_2111/app/channels/application_cable/connection.rb": {
        "lines": [
          0,
          0,
          0,
          0
        ],
        "branches": {
        }
      },
      "/Users/chrishewitt/Turing/4mod/last_airbender_2111/app/channels/application_cable/channel.rb": {
        "lines": [
          0,
          0,
          0,
          0
        ],
        "branches": {
        }
      }
    },
    "timestamp": 1649621737
  }
}
